2022-04-17 10:50:24.551 [main] INFO  org.mura.austin.AustinApplication - Starting AustinApplication using Java 17.0.2 on 芥川村雨 with PID 7640 (D:\IDEA\Project\austin\austin-web\target\classes started by Akutagawa Murasame in D:\IDEA\Project\austin)
2022-04-17 10:50:24.554 [main] INFO  org.mura.austin.AustinApplication - The following profiles are active: dev
2022-04-17 11:00:24.693 [main] INFO  org.mura.austin.AustinApplication - Starting AustinApplication using Java 17.0.2 on 芥川村雨 with PID 10100 (D:\IDEA\Project\austin\austin-web\target\classes started by Akutagawa Murasame in D:\IDEA\Project\austin)
2022-04-17 11:00:24.695 [main] INFO  org.mura.austin.AustinApplication - The following profiles are active: dev
2022-04-17 11:00:25.326 [main] INFO  o.s.boot.web.embedded.tomcat.TomcatWebServer - Tomcat initialized with port(s): 8080 (http)
2022-04-17 11:00:25.332 [main] INFO  org.apache.coyote.http11.Http11NioProtocol - Initializing ProtocolHandler ["http-nio-8080"]
2022-04-17 11:00:25.332 [main] INFO  org.apache.catalina.core.StandardService - Starting service [Tomcat]
2022-04-17 11:00:25.332 [main] INFO  org.apache.catalina.core.StandardEngine - Starting Servlet engine: [Apache Tomcat/9.0.56]
2022-04-17 11:00:25.382 [main] INFO  o.a.c.core.ContainerBase.[Tomcat].[localhost].[/] - Initializing Spring embedded WebApplicationContext
2022-04-17 11:00:25.382 [main] INFO  o.s.b.w.s.c.ServletWebServerApplicationContext - Root WebApplicationContext: initialization completed in 658 ms
2022-04-17 11:00:25.982 [main] INFO  org.apache.coyote.http11.Http11NioProtocol - Starting ProtocolHandler ["http-nio-8080"]
2022-04-17 11:00:25.995 [main] INFO  o.s.boot.web.embedded.tomcat.TomcatWebServer - Tomcat started on port(s): 8080 (http) with context path ''
2022-04-17 11:00:26.001 [main] INFO  org.mura.austin.AustinApplication - Started AustinApplication in 1.587 seconds (JVM running for 1.98)
2022-04-17 11:02:36.259 [http-nio-8080-exec-2] INFO  o.a.c.core.ContainerBase.[Tomcat].[localhost].[/] - Initializing Spring DispatcherServlet 'dispatcherServlet'
2022-04-17 11:02:36.260 [http-nio-8080-exec-2] INFO  org.springframework.web.servlet.DispatcherServlet - Initializing Servlet 'dispatcherServlet'
2022-04-17 11:02:36.260 [http-nio-8080-exec-2] INFO  org.springframework.web.servlet.DispatcherServlet - Completed initialization in 0 ms
2022-04-17 11:02:36.319 [http-nio-8080-exec-2] INFO  com.zaxxer.hikari.HikariDataSource - HikariPool-1 - Starting...
2022-04-17 11:02:53.182 [main] INFO  org.mura.austin.AustinApplication - Starting AustinApplication using Java 17.0.2 on 芥川村雨 with PID 12876 (D:\IDEA\Project\austin\austin-web\target\classes started by Akutagawa Murasame in D:\IDEA\Project\austin)
2022-04-17 11:02:53.184 [main] INFO  org.mura.austin.AustinApplication - The following profiles are active: dev
2022-04-17 11:02:53.764 [main] INFO  o.s.boot.web.embedded.tomcat.TomcatWebServer - Tomcat initialized with port(s): 8080 (http)
2022-04-17 11:02:53.769 [main] INFO  org.apache.coyote.http11.Http11NioProtocol - Initializing ProtocolHandler ["http-nio-8080"]
2022-04-17 11:02:53.769 [main] INFO  org.apache.catalina.core.StandardService - Starting service [Tomcat]
2022-04-17 11:02:53.769 [main] INFO  org.apache.catalina.core.StandardEngine - Starting Servlet engine: [Apache Tomcat/9.0.56]
2022-04-17 11:02:53.816 [main] INFO  o.a.c.core.ContainerBase.[Tomcat].[localhost].[/] - Initializing Spring embedded WebApplicationContext
2022-04-17 11:02:53.816 [main] INFO  o.s.b.w.s.c.ServletWebServerApplicationContext - Root WebApplicationContext: initialization completed in 607 ms
2022-04-17 11:02:54.323 [main] INFO  org.apache.coyote.http11.Http11NioProtocol - Starting ProtocolHandler ["http-nio-8080"]
2022-04-17 11:02:54.335 [main] INFO  o.s.boot.web.embedded.tomcat.TomcatWebServer - Tomcat started on port(s): 8080 (http) with context path ''
2022-04-17 11:02:54.342 [main] INFO  org.mura.austin.AustinApplication - Started AustinApplication in 1.435 seconds (JVM running for 1.813)
2022-04-17 11:02:58.229 [http-nio-8080-exec-1] INFO  o.a.c.core.ContainerBase.[Tomcat].[localhost].[/] - Initializing Spring DispatcherServlet 'dispatcherServlet'
2022-04-17 11:02:58.229 [http-nio-8080-exec-1] INFO  org.springframework.web.servlet.DispatcherServlet - Initializing Servlet 'dispatcherServlet'
2022-04-17 11:02:58.230 [http-nio-8080-exec-1] INFO  org.springframework.web.servlet.DispatcherServlet - Completed initialization in 1 ms
2022-04-17 11:02:58.282 [http-nio-8080-exec-1] INFO  com.zaxxer.hikari.HikariDataSource - HikariPool-1 - Starting...
2022-04-17 11:07:37.278 [main] INFO  org.mura.austin.AustinApplication - Starting AustinApplication using Java 17.0.2 on 芥川村雨 with PID 21152 (D:\IDEA\Project\austin\austin-web\target\classes started by Akutagawa Murasame in D:\IDEA\Project\austin)
2022-04-17 11:07:37.279 [main] INFO  org.mura.austin.AustinApplication - The following profiles are active: dev
2022-04-17 11:07:37.817 [main] INFO  o.s.boot.web.embedded.tomcat.TomcatWebServer - Tomcat initialized with port(s): 8080 (http)
2022-04-17 11:07:37.821 [main] INFO  org.apache.coyote.http11.Http11NioProtocol - Initializing ProtocolHandler ["http-nio-8080"]
2022-04-17 11:07:37.821 [main] INFO  org.apache.catalina.core.StandardService - Starting service [Tomcat]
2022-04-17 11:07:37.821 [main] INFO  org.apache.catalina.core.StandardEngine - Starting Servlet engine: [Apache Tomcat/9.0.56]
2022-04-17 11:07:37.867 [main] INFO  o.a.c.core.ContainerBase.[Tomcat].[localhost].[/] - Initializing Spring embedded WebApplicationContext
2022-04-17 11:07:37.867 [main] INFO  o.s.b.w.s.c.ServletWebServerApplicationContext - Root WebApplicationContext: initialization completed in 562 ms
2022-04-17 11:07:38.372 [main] INFO  org.apache.coyote.http11.Http11NioProtocol - Starting ProtocolHandler ["http-nio-8080"]
2022-04-17 11:07:38.384 [main] INFO  o.s.boot.web.embedded.tomcat.TomcatWebServer - Tomcat started on port(s): 8080 (http) with context path ''
2022-04-17 11:07:38.390 [main] INFO  org.mura.austin.AustinApplication - Started AustinApplication in 1.372 seconds (JVM running for 1.744)
2022-04-17 11:07:44.898 [http-nio-8080-exec-1] INFO  o.a.c.core.ContainerBase.[Tomcat].[localhost].[/] - Initializing Spring DispatcherServlet 'dispatcherServlet'
2022-04-17 11:07:44.898 [http-nio-8080-exec-1] INFO  org.springframework.web.servlet.DispatcherServlet - Initializing Servlet 'dispatcherServlet'
2022-04-17 11:07:44.898 [http-nio-8080-exec-1] INFO  org.springframework.web.servlet.DispatcherServlet - Completed initialization in 0 ms
2022-04-17 11:07:44.946 [http-nio-8080-exec-1] INFO  com.zaxxer.hikari.HikariDataSource - HikariPool-1 - Starting...
2022-04-17 11:07:50.299 [main] INFO  org.mura.austin.AustinApplication - Starting AustinApplication using Java 17.0.2 on 芥川村雨 with PID 20920 (D:\IDEA\Project\austin\austin-web\target\classes started by Akutagawa Murasame in D:\IDEA\Project\austin)
2022-04-17 11:07:50.301 [main] INFO  org.mura.austin.AustinApplication - The following profiles are active: dev
2022-04-17 11:07:50.847 [main] INFO  o.s.boot.web.embedded.tomcat.TomcatWebServer - Tomcat initialized with port(s): 8080 (http)
2022-04-17 11:07:50.852 [main] INFO  org.apache.coyote.http11.Http11NioProtocol - Initializing ProtocolHandler ["http-nio-8080"]
2022-04-17 11:07:50.852 [main] INFO  org.apache.catalina.core.StandardService - Starting service [Tomcat]
2022-04-17 11:07:50.852 [main] INFO  org.apache.catalina.core.StandardEngine - Starting Servlet engine: [Apache Tomcat/9.0.56]
2022-04-17 11:07:50.899 [main] INFO  o.a.c.core.ContainerBase.[Tomcat].[localhost].[/] - Initializing Spring embedded WebApplicationContext
2022-04-17 11:07:50.899 [main] INFO  o.s.b.w.s.c.ServletWebServerApplicationContext - Root WebApplicationContext: initialization completed in 574 ms
2022-04-17 11:07:51.402 [main] INFO  org.apache.coyote.http11.Http11NioProtocol - Starting ProtocolHandler ["http-nio-8080"]
2022-04-17 11:07:51.413 [main] INFO  o.s.boot.web.embedded.tomcat.TomcatWebServer - Tomcat started on port(s): 8080 (http) with context path ''
2022-04-17 11:07:51.420 [main] INFO  org.mura.austin.AustinApplication - Started AustinApplication in 1.389 seconds (JVM running for 1.755)
2022-04-17 11:07:53.636 [http-nio-8080-exec-2] INFO  o.a.c.core.ContainerBase.[Tomcat].[localhost].[/] - Initializing Spring DispatcherServlet 'dispatcherServlet'
2022-04-17 11:07:53.636 [http-nio-8080-exec-2] INFO  org.springframework.web.servlet.DispatcherServlet - Initializing Servlet 'dispatcherServlet'
2022-04-17 11:07:53.637 [http-nio-8080-exec-2] INFO  org.springframework.web.servlet.DispatcherServlet - Completed initialization in 1 ms
2022-04-17 11:07:53.693 [http-nio-8080-exec-2] INFO  com.zaxxer.hikari.HikariDataSource - HikariPool-1 - Starting...
2022-04-17 11:08:25.236 [main] INFO  org.mura.austin.AustinApplication - Starting AustinApplication using Java 17.0.2 on 芥川村雨 with PID 16612 (D:\IDEA\Project\austin\austin-web\target\classes started by Akutagawa Murasame in D:\IDEA\Project\austin)
2022-04-17 11:08:25.237 [main] INFO  org.mura.austin.AustinApplication - The following profiles are active: dev
2022-04-17 11:08:25.788 [main] INFO  o.s.boot.web.embedded.tomcat.TomcatWebServer - Tomcat initialized with port(s): 8080 (http)
2022-04-17 11:08:25.793 [main] INFO  org.apache.coyote.http11.Http11NioProtocol - Initializing ProtocolHandler ["http-nio-8080"]
2022-04-17 11:08:25.794 [main] INFO  org.apache.catalina.core.StandardService - Starting service [Tomcat]
2022-04-17 11:08:25.794 [main] INFO  org.apache.catalina.core.StandardEngine - Starting Servlet engine: [Apache Tomcat/9.0.56]
2022-04-17 11:08:25.848 [main] INFO  o.a.c.core.ContainerBase.[Tomcat].[localhost].[/] - Initializing Spring embedded WebApplicationContext
2022-04-17 11:08:25.848 [main] INFO  o.s.b.w.s.c.ServletWebServerApplicationContext - Root WebApplicationContext: initialization completed in 586 ms
2022-04-17 11:08:26.356 [main] INFO  org.apache.coyote.http11.Http11NioProtocol - Starting ProtocolHandler ["http-nio-8080"]
2022-04-17 11:08:26.369 [main] INFO  o.s.boot.web.embedded.tomcat.TomcatWebServer - Tomcat started on port(s): 8080 (http) with context path ''
2022-04-17 11:08:26.375 [main] INFO  org.mura.austin.AustinApplication - Started AustinApplication in 1.414 seconds (JVM running for 1.763)
2022-04-17 11:08:29.865 [http-nio-8080-exec-2] INFO  o.a.c.core.ContainerBase.[Tomcat].[localhost].[/] - Initializing Spring DispatcherServlet 'dispatcherServlet'
2022-04-17 11:08:29.865 [http-nio-8080-exec-2] INFO  org.springframework.web.servlet.DispatcherServlet - Initializing Servlet 'dispatcherServlet'
2022-04-17 11:08:29.866 [http-nio-8080-exec-2] INFO  org.springframework.web.servlet.DispatcherServlet - Completed initialization in 1 ms
2022-04-17 11:08:29.916 [http-nio-8080-exec-2] INFO  com.zaxxer.hikari.HikariDataSource - HikariPool-1 - Starting...
2022-04-17 11:09:20.417 [main] INFO  org.mura.austin.AustinApplication - Starting AustinApplication using Java 17.0.2 on 芥川村雨 with PID 14484 (D:\IDEA\Project\austin\austin-web\target\classes started by Akutagawa Murasame in D:\IDEA\Project\austin)
2022-04-17 11:09:20.419 [main] INFO  org.mura.austin.AustinApplication - The following profiles are active: dev
2022-04-17 11:09:20.960 [main] INFO  o.s.boot.web.embedded.tomcat.TomcatWebServer - Tomcat initialized with port(s): 8080 (http)
2022-04-17 11:09:20.966 [main] INFO  org.apache.coyote.http11.Http11NioProtocol - Initializing ProtocolHandler ["http-nio-8080"]
2022-04-17 11:09:20.967 [main] INFO  org.apache.catalina.core.StandardService - Starting service [Tomcat]
2022-04-17 11:09:20.967 [main] INFO  org.apache.catalina.core.StandardEngine - Starting Servlet engine: [Apache Tomcat/9.0.56]
2022-04-17 11:09:21.015 [main] INFO  o.a.c.core.ContainerBase.[Tomcat].[localhost].[/] - Initializing Spring embedded WebApplicationContext
2022-04-17 11:09:21.015 [main] INFO  o.s.b.w.s.c.ServletWebServerApplicationContext - Root WebApplicationContext: initialization completed in 572 ms
2022-04-17 11:09:21.521 [main] INFO  org.apache.coyote.http11.Http11NioProtocol - Starting ProtocolHandler ["http-nio-8080"]
2022-04-17 11:09:21.533 [main] INFO  o.s.boot.web.embedded.tomcat.TomcatWebServer - Tomcat started on port(s): 8080 (http) with context path ''
2022-04-17 11:09:21.540 [main] INFO  org.mura.austin.AustinApplication - Started AustinApplication in 1.39 seconds (JVM running for 1.744)
2022-04-17 11:09:23.356 [http-nio-8080-exec-2] INFO  o.a.c.core.ContainerBase.[Tomcat].[localhost].[/] - Initializing Spring DispatcherServlet 'dispatcherServlet'
2022-04-17 11:09:23.357 [http-nio-8080-exec-2] INFO  org.springframework.web.servlet.DispatcherServlet - Initializing Servlet 'dispatcherServlet'
2022-04-17 11:09:23.358 [http-nio-8080-exec-2] INFO  org.springframework.web.servlet.DispatcherServlet - Completed initialization in 1 ms
2022-04-17 11:09:23.408 [http-nio-8080-exec-2] INFO  com.zaxxer.hikari.HikariDataSource - HikariPool-1 - Starting...
2022-04-17 11:12:08.263 [main] INFO  org.mura.austin.AustinApplication - Starting AustinApplication using Java 17.0.2 on 芥川村雨 with PID 18220 (D:\IDEA\Project\austin\austin-web\target\classes started by Akutagawa Murasame in D:\IDEA\Project\austin)
2022-04-17 11:12:08.265 [main] INFO  org.mura.austin.AustinApplication - The following profiles are active: dev
2022-04-17 11:12:08.804 [main] INFO  o.s.boot.web.embedded.tomcat.TomcatWebServer - Tomcat initialized with port(s): 8080 (http)
2022-04-17 11:12:08.810 [main] INFO  org.apache.coyote.http11.Http11NioProtocol - Initializing ProtocolHandler ["http-nio-8080"]
2022-04-17 11:12:08.810 [main] INFO  org.apache.catalina.core.StandardService - Starting service [Tomcat]
2022-04-17 11:12:08.810 [main] INFO  org.apache.catalina.core.StandardEngine - Starting Servlet engine: [Apache Tomcat/9.0.56]
2022-04-17 11:12:08.858 [main] INFO  o.a.c.core.ContainerBase.[Tomcat].[localhost].[/] - Initializing Spring embedded WebApplicationContext
2022-04-17 11:12:08.858 [main] INFO  o.s.b.w.s.c.ServletWebServerApplicationContext - Root WebApplicationContext: initialization completed in 568 ms
2022-04-17 11:12:09.388 [main] INFO  org.apache.coyote.http11.Http11NioProtocol - Starting ProtocolHandler ["http-nio-8080"]
2022-04-17 11:12:09.407 [main] INFO  o.s.boot.web.embedded.tomcat.TomcatWebServer - Tomcat started on port(s): 8080 (http) with context path ''
2022-04-17 11:12:09.414 [main] INFO  org.mura.austin.AustinApplication - Started AustinApplication in 1.421 seconds (JVM running for 1.764)
2022-04-17 11:12:12.734 [http-nio-8080-exec-2] INFO  o.a.c.core.ContainerBase.[Tomcat].[localhost].[/] - Initializing Spring DispatcherServlet 'dispatcherServlet'
2022-04-17 11:12:12.735 [http-nio-8080-exec-2] INFO  org.springframework.web.servlet.DispatcherServlet - Initializing Servlet 'dispatcherServlet'
2022-04-17 11:12:12.735 [http-nio-8080-exec-2] INFO  org.springframework.web.servlet.DispatcherServlet - Completed initialization in 0 ms
2022-04-17 11:12:12.783 [http-nio-8080-exec-2] INFO  com.zaxxer.hikari.HikariDataSource - HikariPool-1 - Starting...
2022-04-17 11:12:12.857 [http-nio-8080-exec-2] INFO  com.zaxxer.hikari.HikariDataSource - HikariPool-1 - Start completed.
2022-04-17 13:09:11.243 [SpringApplicationShutdownHook] INFO  com.zaxxer.hikari.HikariDataSource - HikariPool-1 - Shutdown initiated...
2022-04-17 13:09:11.246 [SpringApplicationShutdownHook] INFO  com.zaxxer.hikari.HikariDataSource - HikariPool-1 - Shutdown completed.
